  dvdListTypeImp.cpp
C:\Linh H. Pham\School\2022\CIT 242\CIT-242\1DVD Store\1DVD Store\unorderedLinkedList.h(49,15): error C3861: 'first': identifier not found
C:\Linh H. Pham\School\2022\CIT 242\CIT-242\1DVD Store\1DVD Store\unorderedLinkedList.h(69,21): error C3861: 'first': identifier not found
C:\Linh H. Pham\School\2022\CIT 242\CIT-242\1DVD Store\1DVD Store\unorderedLinkedList.h(70,5): error C3861: 'first': identifier not found
C:\Linh H. Pham\School\2022\CIT 242\CIT-242\1DVD Store\1DVD Store\unorderedLinkedList.h(77,1): error C2563: mismatch in formal parameter list
C:\Linh H. Pham\School\2022\CIT 242\CIT-242\1DVD Store\1DVD Store\unorderedLinkedList.h(74,9): error C2065: 'last': undeclared identifier
C:\Linh H. Pham\School\2022\CIT 242\CIT-242\1DVD Store\1DVD Store\unorderedLinkedList.h(74,9): error C3861: 'last': identifier not found
C:\Linh H. Pham\School\2022\CIT 242\CIT-242\1DVD Store\1DVD Store\unorderedLinkedList.h(76,9): error C3861: 'last': identifier not found
C:\Linh H. Pham\School\2022\CIT 242\CIT-242\1DVD Store\1DVD Store\unorderedLinkedList.h(90,9): error C2065: 'first': undeclared identifier
C:\Linh H. Pham\School\2022\CIT 242\CIT-242\1DVD Store\1DVD Store\unorderedLinkedList.h(90,9): error C3861: 'first': identifier not found
C:\Linh H. Pham\School\2022\CIT 242\CIT-242\1DVD Store\1DVD Store\unorderedLinkedList.h(93,9): error C3861: 'first': identifier not found
C:\Linh H. Pham\School\2022\CIT 242\CIT-242\1DVD Store\1DVD Store\unorderedLinkedList.h(94,9): error C3861: 'last': identifier not found
C:\Linh H. Pham\School\2022\CIT 242\CIT-242\1DVD Store\1DVD Store\unorderedLinkedList.h(104,1): error C2563: mismatch in formal parameter list
C:\Linh H. Pham\School\2022\CIT 242\CIT-242\1DVD Store\1DVD Store\unorderedLinkedList.h(99,9): error C3861: 'last': identifier not found
C:\Linh H. Pham\School\2022\CIT 242\CIT-242\1DVD Store\1DVD Store\unorderedLinkedList.h(100,9): error C3861: 'last': identifier not found
C:\Linh H. Pham\School\2022\CIT 242\CIT-242\1DVD Store\1DVD Store\unorderedLinkedList.h(114,9): error C2065: 'first': undeclared identifier
C:\Linh H. Pham\School\2022\CIT 242\CIT-242\1DVD Store\1DVD Store\unorderedLinkedList.h(114,9): error C3861: 'first': identifier not found
C:\Linh H. Pham\School\2022\CIT 242\CIT-242\1DVD Store\1DVD Store\unorderedLinkedList.h(119,13): error C3861: 'first': identifier not found
C:\Linh H. Pham\School\2022\CIT 242\CIT-242\1DVD Store\1DVD Store\unorderedLinkedList.h(121,23): error C3861: 'first': identifier not found
C:\Linh H. Pham\School\2022\CIT 242\CIT-242\1DVD Store\1DVD Store\unorderedLinkedList.h(122,13): error C3861: 'first': identifier not found
C:\Linh H. Pham\School\2022\CIT 242\CIT-242\1DVD Store\1DVD Store\unorderedLinkedList.h(122,21): error C3861: 'first': identifier not found
C:\Linh H. Pham\School\2022\CIT 242\CIT-242\1DVD Store\1DVD Store\unorderedLinkedList.h(163,1): error C2563: mismatch in formal parameter list
C:\Linh H. Pham\School\2022\CIT 242\CIT-242\1DVD Store\1DVD Store\unorderedLinkedList.h(124,17): error C2065: 'first': undeclared identifier
C:\Linh H. Pham\School\2022\CIT 242\CIT-242\1DVD Store\1DVD Store\unorderedLinkedList.h(124,17): error C3861: 'first': identifier not found
C:\Linh H. Pham\School\2022\CIT 242\CIT-242\1DVD Store\1DVD Store\unorderedLinkedList.h(125,17): error C3861: 'last': identifier not found
C:\Linh H. Pham\School\2022\CIT 242\CIT-242\1DVD Store\1DVD Store\unorderedLinkedList.h(131,28): error C3861: 'first': identifier not found
C:\Linh H. Pham\School\2022\CIT 242\CIT-242\1DVD Store\1DVD Store\unorderedLinkedList.h(133,23): error C3861: 'first': identifier not found
C:\Linh H. Pham\School\2022\CIT 242\CIT-242\1DVD Store\1DVD Store\unorderedLinkedList.h(152,21): error C3861: 'last': identifier not found
C:\Linh H. Pham\School\2022\CIT 242\CIT-242\1DVD Store\1DVD Store\unorderedLinkedList.h(154,21): error C3861: 'last': identifier not found
  testDVDStore.cpp
C:\Linh H. Pham\School\2022\CIT 242\CIT-242\1DVD Store\1DVD Store\unorderedLinkedList.h(49,15): error C3861: 'first': identifier not found
C:\Linh H. Pham\School\2022\CIT 242\CIT-242\1DVD Store\1DVD Store\unorderedLinkedList.h(69,21): error C3861: 'first': identifier not found
C:\Linh H. Pham\School\2022\CIT 242\CIT-242\1DVD Store\1DVD Store\unorderedLinkedList.h(70,5): error C3861: 'first': identifier not found
C:\Linh H. Pham\School\2022\CIT 242\CIT-242\1DVD Store\1DVD Store\unorderedLinkedList.h(77,1): error C2563: mismatch in formal parameter list
C:\Linh H. Pham\School\2022\CIT 242\CIT-242\1DVD Store\1DVD Store\unorderedLinkedList.h(74,9): error C2065: 'last': undeclared identifier
C:\Linh H. Pham\School\2022\CIT 242\CIT-242\1DVD Store\1DVD Store\unorderedLinkedList.h(74,9): error C3861: 'last': identifier not found
C:\Linh H. Pham\School\2022\CIT 242\CIT-242\1DVD Store\1DVD Store\unorderedLinkedList.h(76,9): error C3861: 'last': identifier not found
C:\Linh H. Pham\School\2022\CIT 242\CIT-242\1DVD Store\1DVD Store\unorderedLinkedList.h(90,9): error C2065: 'first': undeclared identifier
C:\Linh H. Pham\School\2022\CIT 242\CIT-242\1DVD Store\1DVD Store\unorderedLinkedList.h(90,9): error C3861: 'first': identifier not found
C:\Linh H. Pham\School\2022\CIT 242\CIT-242\1DVD Store\1DVD Store\unorderedLinkedList.h(93,9): error C3861: 'first': identifier not found
C:\Linh H. Pham\School\2022\CIT 242\CIT-242\1DVD Store\1DVD Store\unorderedLinkedList.h(94,9): error C3861: 'last': identifier not found
C:\Linh H. Pham\School\2022\CIT 242\CIT-242\1DVD Store\1DVD Store\unorderedLinkedList.h(104,1): error C2563: mismatch in formal parameter list
C:\Linh H. Pham\School\2022\CIT 242\CIT-242\1DVD Store\1DVD Store\unorderedLinkedList.h(99,9): error C3861: 'last': identifier not found
C:\Linh H. Pham\School\2022\CIT 242\CIT-242\1DVD Store\1DVD Store\unorderedLinkedList.h(100,9): error C3861: 'last': identifier not found
C:\Linh H. Pham\School\2022\CIT 242\CIT-242\1DVD Store\1DVD Store\unorderedLinkedList.h(114,9): error C2065: 'first': undeclared identifier
C:\Linh H. Pham\School\2022\CIT 242\CIT-242\1DVD Store\1DVD Store\unorderedLinkedList.h(114,9): error C3861: 'first': identifier not found
C:\Linh H. Pham\School\2022\CIT 242\CIT-242\1DVD Store\1DVD Store\unorderedLinkedList.h(119,13): error C3861: 'first': identifier not found
C:\Linh H. Pham\School\2022\CIT 242\CIT-242\1DVD Store\1DVD Store\unorderedLinkedList.h(121,23): error C3861: 'first': identifier not found
C:\Linh H. Pham\School\2022\CIT 242\CIT-242\1DVD Store\1DVD Store\unorderedLinkedList.h(122,13): error C3861: 'first': identifier not found
C:\Linh H. Pham\School\2022\CIT 242\CIT-242\1DVD Store\1DVD Store\unorderedLinkedList.h(122,21): error C3861: 'first': identifier not found
C:\Linh H. Pham\School\2022\CIT 242\CIT-242\1DVD Store\1DVD Store\unorderedLinkedList.h(163,1): error C2563: mismatch in formal parameter list
C:\Linh H. Pham\School\2022\CIT 242\CIT-242\1DVD Store\1DVD Store\unorderedLinkedList.h(124,17): error C2065: 'first': undeclared identifier
C:\Linh H. Pham\School\2022\CIT 242\CIT-242\1DVD Store\1DVD Store\unorderedLinkedList.h(124,17): error C3861: 'first': identifier not found
C:\Linh H. Pham\School\2022\CIT 242\CIT-242\1DVD Store\1DVD Store\unorderedLinkedList.h(125,17): error C3861: 'last': identifier not found
C:\Linh H. Pham\School\2022\CIT 242\CIT-242\1DVD Store\1DVD Store\unorderedLinkedList.h(131,28): error C3861: 'first': identifier not found
C:\Linh H. Pham\School\2022\CIT 242\CIT-242\1DVD Store\1DVD Store\unorderedLinkedList.h(133,23): error C3861: 'first': identifier not found
C:\Linh H. Pham\School\2022\CIT 242\CIT-242\1DVD Store\1DVD Store\unorderedLinkedList.h(152,21): error C3861: 'last': identifier not found
C:\Linh H. Pham\School\2022\CIT 242\CIT-242\1DVD Store\1DVD Store\unorderedLinkedList.h(154,21): error C3861: 'last': identifier not found
  Generating Code...
